[2016-11-01 07:20:00] production.ERROR: exception 'Symfony\Component\Debug\Exception\FatalErrorException' with message 'App\Product has colliding constructor definitions coming from traits' in E:\Softwares\installation\htdocs\projects\upwork\Laravel-Skill Test\app\Product.php:21
Stack trace:
#0 {main}  
[2016-11-01 07:20:10] production.ERROR: exception 'Symfony\Component\Debug\Exception\FatalErrorException' with message 'App\Product has colliding constructor definitions coming from traits' in E:\Softwares\installation\htdocs\projects\upwork\Laravel-Skill Test\app\Product.php:21
Stack trace:
#0 {main}  
[2016-11-01 07:21:40] production.ERROR: exception 'Symfony\Component\Debug\Exception\FatalErrorException' with message 'Cannot call constructor' in E:\Softwares\installation\htdocs\projects\upwork\Laravel-Skill Test\app\Http\Controllers\ProductsController.php:15
Stack trace:
#0 {main}  
[2016-11-01 07:37:26] production.ERROR: exception 'ErrorException' with message 'Undefined property: stdClass::$created' in E:\Softwares\installation\htdocs\projects\upwork\Laravel-Skill Test\storage\framework\views\3dab6af04c30370d31483de6c1145b5dd28fcb89.php:22
Stack trace:
#0 E:\Softwares\installation\htdocs\projects\upwork\Laravel-Skill Test\storage\framework\views\3dab6af04c30370d31483de6c1145b5dd28fcb89.php(22): Illuminate\Foundation\Bootstrap\HandleExceptions->handleError(8, 'Undefined prope...', 'E:\\Softwares\\in...', 22, Array)
#1 E:\Softwares\installation\htdocs\projects\upwork\Laravel-Skill Test\bootstrap\cache\compiled.php(15317): include('E:\\Softwares\\in...')
#2 E:\Softwares\installation\htdocs\projects\upwork\Laravel-Skill Test\bootstrap\cache\compiled.php(15354): Illuminate\View\Engines\PhpEngine->evaluatePath('E:\\Softwares\\in...', Array)
#3 E:\Softwares\installation\htdocs\projects\upwork\Laravel-Skill Test\bootstrap\cache\compiled.php(15186): Illuminate\View\Engines\CompilerEngine->get('E:\\Softwares\\in...', Array)
#4 E:\Softwares\installation\htdocs\projects\upwork\Laravel-Skill Test\bootstrap\cache\compiled.php(15174): Illuminate\View\View->getContents()
#5 E:\Softwares\installation\htdocs\projects\upwork\Laravel-Skill Test\bootstrap\cache\compiled.php(15158): Illuminate\View\View->renderContents()
#6 E:\Softwares\installation\htdocs\projects\upwork\Laravel-Skill Test\storage\framework\views\312f38859d8e625cc38eccaa229bffb103cfc87b.php(28): Illuminate\View\View->render()
#7 E:\Softwares\installation\htdocs\projects\upwork\Laravel-Skill Test\bootstrap\cache\compiled.php(15317): include('E:\\Softwares\\in...')
#8 E:\Softwares\installation\htdocs\projects\upwork\Laravel-Skill Test\bootstrap\cache\compiled.php(15354): Illuminate\View\Engines\PhpEngine->evaluatePath('E:\\Softwares\\in...', Array)
#9 E:\Softwares\installation\htdocs\projects\upwork\Laravel-Skill Test\bootstrap\cache\compiled.php(15186): Illuminate\View\Engines\CompilerEngine->get('E:\\Softwares\\in...', Array)
#10 E:\Softwares\installation\htdocs\projects\upwork\Laravel-Skill Test\bootstrap\cache\compiled.php(15174): Illuminate\View\View->getContents()
#11 E:\Softwares\installation\htdocs\projects\upwork\Laravel-Skill Test\bootstrap\cache\compiled.php(15158): Illuminate\View\View->renderContents()
#12 E:\Softwares\installation\htdocs\projects\upwork\Laravel-Skill Test\storage\framework\views\982b9c442c7d6532624ff2014ab01aed5c1128f8.php(7): Illuminate\View\View->render()
#13 E:\Softwares\installation\htdocs\projects\upwork\Laravel-Skill Test\bootstrap\cache\compiled.php(15317): include('E:\\Softwares\\in...')
#14 E:\Softwares\installation\htdocs\projects\upwork\Laravel-Skill Test\bootstrap\cache\compiled.php(15354): Illuminate\View\Engines\PhpEngine->evaluatePath('E:\\Softwares\\in...', Array)
#15 E:\Softwares\installation\htdocs\projects\upwork\Laravel-Skill Test\bootstrap\cache\compiled.php(15186): Illuminate\View\Engines\CompilerEngine->get('E:\\Softwares\\in...', Array)
#16 E:\Softwares\installation\htdocs\projects\upwork\Laravel-Skill Test\bootstrap\cache\compiled.php(15174): Illuminate\View\View->getContents()
#17 E:\Softwares\installation\htdocs\projects\upwork\Laravel-Skill Test\bootstrap\cache\compiled.php(15158): Illuminate\View\View->renderContents()
#18 E:\Softwares\installation\htdocs\projects\upwork\Laravel-Skill Test\app\Http\Controllers\ProductsController.php(135): Illuminate\View\View->render()
#19 E:\Softwares\installation\htdocs\projects\upwork\Laravel-Skill Test\app\Http\Controllers\ProductsController.php(18): App\Http\Controllers\ProductsController->createViewWith(Object(App\Product), 'http://localhos...', 'POST')
#20 [internal function]: App\Http\Controllers\ProductsController->create()
#21 E:\Softwares\installation\htdocs\projects\upwork\Laravel-Skill Test\bootstrap\cache\compiled.php(9424): call_user_func_array(Array, Array)
#22 E:\Softwares\installation\htdocs\projects\upwork\Laravel-Skill Test\bootstrap\cache\compiled.php(9486): Illuminate\Routing\Controller->callAction('create', Array)
#23 E:\Softwares\installation\htdocs\projects\upwork\Laravel-Skill Test\bootstrap\cache\compiled.php(9466): Illuminate\Routing\ControllerDispatcher->call(Object(App\Http\Controllers\ProductsController), Object(Illuminate\Routing\Route), 'create')
#24 [internal function]: Illuminate\Routing\ControllerDispatcher->Illuminate\Routing\{closure}(Object(Illuminate\Http\Request))
#25 E:\Softwares\installation\htdocs\projects\upwork\Laravel-Skill Test\vendor\laravel\framework\src\Illuminate\Routing\Pipeline.php(52): call_user_func(Object(Closure), Object(Illuminate\Http\Request))
#26 [internal function]: Illuminate\Routing\Pipeline->Illuminate\Routing\{closure}(Object(Illuminate\Http\Request))
#27 E:\Softwares\installation\htdocs\projects\upwork\Laravel-Skill Test\bootstrap\cache\compiled.php(9948): call_user_func(Object(Closure), Object(Illuminate\Http\Request))
#28 E:\Softwares\installation\htdocs\projects\upwork\Laravel-Skill Test\bootstrap\cache\compiled.php(9467): Illuminate\Pipeline\Pipeline->then(Object(Closure))
#29 E:\Softwares\installation\htdocs\projects\upwork\Laravel-Skill Test\bootstrap\cache\compiled.php(9454): Illuminate\Routing\ControllerDispatcher->callWithinStack(Object(App\Http\Controllers\ProductsController), Object(Illuminate\Routing\Route), Object(Illuminate\Http\Request), 'create')
#30 E:\Softwares\installation\htdocs\projects\upwork\Laravel-Skill Test\bootstrap\cache\compiled.php(8524): Illuminate\Routing\ControllerDispatcher->dispatch(Object(Illuminate\Routing\Route), Object(Illuminate\Http\Request), 'App\\Http\\Contro...', 'create')
#31 E:\Softwares\installation\htdocs\projects\upwork\Laravel-Skill Test\bootstrap\cache\compiled.php(8511): Illuminate\Routing\Route->runController(Object(Illuminate\Http\Request))
#32 E:\Softwares\installation\htdocs\projects\upwork\Laravel-Skill Test\bootstrap\cache\compiled.php(8225): Illuminate\Routing\Route->run(Object(Illuminate\Http\Request))
#33 [internal function]: Illuminate\Routing\Router->Illuminate\Routing\{closure}(Object(Illuminate\Http\Request))
#34 E:\Softwares\installation\htdocs\projects\upwork\Laravel-Skill Test\vendor\laravel\framework\src\Illuminate\Routing\Pipeline.php(52): call_user_func(Object(Closure), Object(Illuminate\Http\Request))
#35 E:\Softwares\installation\htdocs\projects\upwork\Laravel-Skill Test\bootstrap\cache\compiled.php(3225): Illuminate\Routing\Pipeline->Illuminate\Routing\{closure}(Object(Illuminate\Http\Request))
#36 [internal function]: Illuminate\Foundation\Http\Middleware\VerifyCsrfToken->handle(Object(Illuminate\Http\Request), Object(Closure))
#37 E:\Softwares\installation\htdocs\projects\upwork\Laravel-Skill Test\bootstrap\cache\compiled.php(9963): call_user_func_array(Array, Array)
#38 [internal function]: Illuminate\Pipeline\Pipeline->Illuminate\Pipeline\{closure}(Object(Illuminate\Http\Request))
#39 E:\Softwares\installation\htdocs\projects\upwork\Laravel-Skill Test\vendor\laravel\framework\src\Illuminate\Routing\Pipeline.php(32): call_user_func(Object(Closure), Object(Illuminate\Http\Request))
#40 E:\Softwares\installation\htdocs\projects\upwork\Laravel-Skill Test\bootstrap\cache\compiled.php(13474): Illuminate\Routing\Pipeline->Illuminate\Routing\{closure}(Object(Illuminate\Http\Request))
#41 [internal function]: Illuminate\View\Middleware\ShareErrorsFromSession->handle(Object(Illuminate\Http\Request), Object(Closure))
#42 E:\Softwares\installation\htdocs\projects\upwork\Laravel-Skill Test\bootstrap\cache\compiled.php(9963): call_user_func_array(Array, Array)
#43 [internal function]: Illuminate\Pipeline\Pipeline->Illuminate\Pipeline\{closure}(Object(Illuminate\Http\Request))
#44 E:\Softwares\installation\htdocs\projects\upwork\Laravel-Skill Test\vendor\laravel\framework\src\Illuminate\Routing\Pipeline.php(32): call_user_func(Object(Closure), Object(Illuminate\Http\Request))
#45 E:\Softwares\installation\htdocs\projects\upwork\Laravel-Skill Test\bootstrap\cache\compiled.php(11964): Illuminate\Routing\Pipeline->Illuminate\Routing\{closure}(Object(Illuminate\Http\Request))
#46 [internal function]: Illuminate\Session\Middleware\StartSession->handle(Object(Illuminate\Http\Request), Object(Closure))
#47 E:\Softwares\installation\htdocs\projects\upwork\Laravel-Skill Test\bootstrap\cache\compiled.php(9963): call_user_func_array(Array, Array)
#48 [internal function]: Illuminate\Pipeline\Pipeline->Illuminate\Pipeline\{closure}(Object(Illuminate\Http\Request))
#49 E:\Softwares\installation\htdocs\projects\upwork\Laravel-Skill Test\vendor\laravel\framework\src\Illuminate\Routing\Pipeline.php(32): call_user_func(Object(Closure), Object(Illuminate\Http\Request))
#50 E:\Softwares\installation\htdocs\projects\upwork\Laravel-Skill Test\bootstrap\cache\compiled.php(13213): Illuminate\Routing\Pipeline->Illuminate\Routing\{closure}(Object(Illuminate\Http\Request))
#51 [internal function]: Illuminate\Cookie\Middleware\AddQueuedCookiesToResponse->handle(Object(Illuminate\Http\Request), Object(Closure))
#52 E:\Softwares\installation\htdocs\projects\upwork\Laravel-Skill Test\bootstrap\cache\compiled.php(9963): call_user_func_array(Array, Array)
#53 [internal function]: Illuminate\Pipeline\Pipeline->Illuminate\Pipeline\{closure}(Object(Illuminate\Http\Request))
#54 E:\Softwares\installation\htdocs\projects\upwork\Laravel-Skill Test\vendor\laravel\framework\src\Illuminate\Routing\Pipeline.php(32): call_user_func(Object(Closure), Object(Illuminate\Http\Request))
#55 E:\Softwares\installation\htdocs\projects\upwork\Laravel-Skill Test\bootstrap\cache\compiled.php(13150): Illuminate\Routing\Pipeline->Illuminate\Routing\{closure}(Object(Illuminate\Http\Request))
#56 [internal function]: Illuminate\Cookie\Middleware\EncryptCookies->handle(Object(Illuminate\Http\Request), Object(Closure))
#57 E:\Softwares\installation\htdocs\projects\upwork\Laravel-Skill Test\bootstrap\cache\compiled.php(9963): call_user_func_array(Array, Array)
#58 [internal function]: Illuminate\Pipeline\Pipeline->Illuminate\Pipeline\{closure}(Object(Illuminate\Http\Request))
#59 E:\Softwares\installation\htdocs\projects\upwork\Laravel-Skill Test\vendor\laravel\framework\src\Illuminate\Routing\Pipeline.php(32): call_user_func(Object(Closure), Object(Illuminate\Http\Request))
#60 [internal function]: Illuminate\Routing\Pipeline->Illuminate\Routing\{closure}(Object(Illuminate\Http\Request))
#61 E:\Softwares\installation\htdocs\projects\upwork\Laravel-Skill Test\bootstrap\cache\compiled.php(9948): call_user_func(Object(Closure), Object(Illuminate\Http\Request))
#62 E:\Softwares\installation\htdocs\projects\upwork\Laravel-Skill Test\bootstrap\cache\compiled.php(8226): Illuminate\Pipeline\Pipeline->then(Object(Closure))
#63 E:\Softwares\installation\htdocs\projects\upwork\Laravel-Skill Test\bootstrap\cache\compiled.php(8217): Illuminate\Routing\Router->runRouteWithinStack(Object(Illuminate\Routing\Route), Object(Illuminate\Http\Request))
#64 E:\Softwares\installation\htdocs\projects\upwork\Laravel-Skill Test\bootstrap\cache\compiled.php(8207): Illuminate\Routing\Router->dispatchToRoute(Object(Illuminate\Http\Request))
#65 E:\Softwares\installation\htdocs\projects\upwork\Laravel-Skill Test\bootstrap\cache\compiled.php(2419): Illuminate\Routing\Router->dispatch(Object(Illuminate\Http\Request))
#66 [internal function]: Illuminate\Foundation\Http\Kernel->Illuminate\Foundation\Http\{closure}(Object(Illuminate\Http\Request))
#67 E:\Softwares\installation\htdocs\projects\upwork\Laravel-Skill Test\vendor\laravel\framework\src\Illuminate\Routing\Pipeline.php(52): call_user_func(Object(Closure), Object(Illuminate\Http\Request))
#68 E:\Softwares\installation\htdocs\projects\upwork\Laravel-Skill Test\bootstrap\cache\compiled.php(3286): Illuminate\Routing\Pipeline->Illuminate\Routing\{closure}(Object(Illuminate\Http\Request))
#69 [internal function]: Illuminate\Foundation\Http\Middleware\CheckForMaintenanceMode->handle(Object(Illuminate\Http\Request), Object(Closure))
#70 E:\Softwares\installation\htdocs\projects\upwork\Laravel-Skill Test\bootstrap\cache\compiled.php(9963): call_user_func_array(Array, Array)
#71 [internal function]: Illuminate\Pipeline\Pipeline->Illuminate\Pipeline\{closure}(Object(Illuminate\Http\Request))
#72 E:\Softwares\installation\htdocs\projects\upwork\Laravel-Skill Test\vendor\laravel\framework\src\Illuminate\Routing\Pipeline.php(32): call_user_func(Object(Closure), Object(Illuminate\Http\Request))
#73 [internal function]: Illuminate\Routing\Pipeline->Illuminate\Routing\{closure}(Object(Illuminate\Http\Request))
#74 E:\Softwares\installation\htdocs\projects\upwork\Laravel-Skill Test\bootstrap\cache\compiled.php(9948): call_user_func(Object(Closure), Object(Illuminate\Http\Request))
#75 E:\Softwares\installation\htdocs\projects\upwork\Laravel-Skill Test\bootstrap\cache\compiled.php(2366): Illuminate\Pipeline\Pipeline->then(Object(Closure))
#76 E:\Softwares\installation\htdocs\projects\upwork\Laravel-Skill Test\bootstrap\cache\compiled.php(2350): Illuminate\Foundation\Http\Kernel->sendRequestThroughRouter(Object(Illuminate\Http\Request))
#77 E:\Softwares\installation\htdocs\projects\upwork\Laravel-Skill Test\public\index.php(47): Illuminate\Foundation\Http\Kernel->handle(Object(Illuminate\Http\Request))
#78 {main}

Next exception 'ErrorException' with message 'Undefined property: stdClass::$created (View: E:\Softwares\installation\htdocs\projects\upwork\Laravel-Skill Test\resources\views\products\list.blade.php)' in E:\Softwares\installation\htdocs\projects\upwork\Laravel-Skill Test\storage\framework\views\3dab6af04c30370d31483de6c1145b5dd28fcb89.php:22
Stack trace:
#0 E:\Softwares\installation\htdocs\projects\upwork\Laravel-Skill Test\bootstrap\cache\compiled.php(15319): Illuminate\View\Engines\CompilerEngine->handleViewException(Object(ErrorException), 4)
#1 E:\Softwares\installation\htdocs\projects\upwork\Laravel-Skill Test\bootstrap\cache\compiled.php(15354): Illuminate\View\Engines\PhpEngine->evaluatePath('E:\\Softwares\\in...', Array)
#2 E:\Softwares\installation\htdocs\projects\upwork\Laravel-Skill Test\bootstrap\cache\compiled.php(15186): Illuminate\View\Engines\CompilerEngine->get('E:\\Softwares\\in...', Array)
#3 E:\Softwares\installation\htdocs\projects\upwork\Laravel-Skill Test\bootstrap\cache\compiled.php(15174): Illuminate\View\View->getContents()
#4 E:\Softwares\installation\htdocs\projects\upwork\Laravel-Skill Test\bootstrap\cache\compiled.php(15158): Illuminate\View\View->renderContents()
#5 E:\Softwares\installation\htdocs\projects\upwork\Laravel-Skill Test\storage\framework\views\312f38859d8e625cc38eccaa229bffb103cfc87b.php(28): Illuminate\View\View->render()
#6 E:\Softwares\installation\htdocs\projects\upwork\Laravel-Skill Test\bootstrap\cache\compiled.php(15317): include('E:\\Softwares\\in...')
#7 E:\Softwares\installation\htdocs\projects\upwork\Laravel-Skill Test\bootstrap\cache\compiled.php(15354): Illuminate\View\Engines\PhpEngine->evaluatePath('E:\\Softwares\\in...', Array)
#8 E:\Softwares\installation\htdocs\projects\upwork\Laravel-Skill Test\bootstrap\cache\compiled.php(15186): Illuminate\View\Engines\CompilerEngine->get('E:\\Softwares\\in...', Array)
#9 E:\Softwares\installation\htdocs\projects\upwork\Laravel-Skill Test\bootstrap\cache\compiled.php(15174): Illuminate\View\View->getContents()
#10 E:\Softwares\installation\htdocs\projects\upwork\Laravel-Skill Test\bootstrap\cache\compiled.php(15158): Illuminate\View\View->renderContents()
#11 E:\Softwares\installation\htdocs\projects\upwork\Laravel-Skill Test\storage\framework\views\982b9c442c7d6532624ff2014ab01aed5c1128f8.php(7): Illuminate\View\View->render()
#12 E:\Softwares\installation\htdocs\projects\upwork\Laravel-Skill Test\bootstrap\cache\compiled.php(15317): include('E:\\Softwares\\in...')
#13 E:\Softwares\installation\htdocs\projects\upwork\Laravel-Skill Test\bootstrap\cache\compiled.php(15354): Illuminate\View\Engines\PhpEngine->evaluatePath('E:\\Softwares\\in...', Array)
#14 E:\Softwares\installation\htdocs\projects\upwork\Laravel-Skill Test\bootstrap\cache\compiled.php(15186): Illuminate\View\Engines\CompilerEngine->get('E:\\Softwares\\in...', Array)
#15 E:\Softwares\installation\htdocs\projects\upwork\Laravel-Skill Test\bootstrap\cache\compiled.php(15174): Illuminate\View\View->getContents()
#16 E:\Softwares\installation\htdocs\projects\upwork\Laravel-Skill Test\bootstrap\cache\compiled.php(15158): Illuminate\View\View->renderContents()
#17 E:\Softwares\installation\htdocs\projects\upwork\Laravel-Skill Test\app\Http\Controllers\ProductsController.php(135): Illuminate\View\View->render()
#18 E:\Softwares\installation\htdocs\projects\upwork\Laravel-Skill Test\app\Http\Controllers\ProductsController.php(18): App\Http\Controllers\ProductsController->createViewWith(Object(App\Product), 'http://localhos...', 'POST')
#19 [internal function]: App\Http\Controllers\ProductsController->create()
#20 E:\Softwares\installation\htdocs\projects\upwork\Laravel-Skill Test\bootstrap\cache\compiled.php(9424): call_user_func_array(Array, Array)
#21 E:\Softwares\installation\htdocs\projects\upwork\Laravel-Skill Test\bootstrap\cache\compiled.php(9486): Illuminate\Routing\Controller->callAction('create', Array)
#22 E:\Softwares\installation\htdocs\projects\upwork\Laravel-Skill Test\bootstrap\cache\compiled.php(9466): Illuminate\Routing\ControllerDispatcher->call(Object(App\Http\Controllers\ProductsController), Object(Illuminate\Routing\Route), 'create')
#23 [internal function]: Illuminate\Routing\ControllerDispatcher->Illuminate\Routing\{closure}(Object(Illuminate\Http\Request))
#24 E:\Softwares\installation\htdocs\projects\upwork\Laravel-Skill Test\vendor\laravel\framework\src\Illuminate\Routing\Pipeline.php(52): call_user_func(Object(Closure), Object(Illuminate\Http\Request))
#25 [internal function]: Illuminate\Routing\Pipeline->Illuminate\Routing\{closure}(Object(Illuminate\Http\Request))
#26 E:\Softwares\installation\htdocs\projects\upwork\Laravel-Skill Test\bootstrap\cache\compiled.php(9948): call_user_func(Object(Closure), Object(Illuminate\Http\Request))
#27 E:\Softwares\installation\htdocs\projects\upwork\Laravel-Skill Test\bootstrap\cache\compiled.php(9467): Illuminate\Pipeline\Pipeline->then(Object(Closure))
#28 E:\Softwares\installation\htdocs\projects\upwork\Laravel-Skill Test\bootstrap\cache\compiled.php(9454): Illuminate\Routing\ControllerDispatcher->callWithinStack(Object(App\Http\Controllers\ProductsController), Object(Illuminate\Routing\Route), Object(Illuminate\Http\Request), 'create')
#29 E:\Softwares\installation\htdocs\projects\upwork\Laravel-Skill Test\bootstrap\cache\compiled.php(8524): Illuminate\Routing\ControllerDispatcher->dispatch(Object(Illuminate\Routing\Route), Object(Illuminate\Http\Request), 'App\\Http\\Contro...', 'create')
#30 E:\Softwares\installation\htdocs\projects\upwork\Laravel-Skill Test\bootstrap\cache\compiled.php(8511): Illuminate\Routing\Route->runController(Object(Illuminate\Http\Request))
#31 E:\Softwares\installation\htdocs\projects\upwork\Laravel-Skill Test\bootstrap\cache\compiled.php(8225): Illuminate\Routing\Route->run(Object(Illuminate\Http\Request))
#32 [internal function]: Illuminate\Routing\Router->Illuminate\Routing\{closure}(Object(Illuminate\Http\Request))
#33 E:\Softwares\installation\htdocs\projects\upwork\Laravel-Skill Test\vendor\laravel\framework\src\Illuminate\Routing\Pipeline.php(52): call_user_func(Object(Closure), Object(Illuminate\Http\Request))
#34 E:\Softwares\installation\htdocs\projects\upwork\Laravel-Skill Test\bootstrap\cache\compiled.php(3225): Illuminate\Routing\Pipeline->Illuminate\Routing\{closure}(Object(Illuminate\Http\Request))
#35 [internal function]: Illuminate\Foundation\Http\Middleware\VerifyCsrfToken->handle(Object(Illuminate\Http\Request), Object(Closure))
#36 E:\Softwares\installation\htdocs\projects\upwork\Laravel-Skill Test\bootstrap\cache\compiled.php(9963): call_user_func_array(Array, Array)
#37 [internal function]: Illuminate\Pipeline\Pipeline->Illuminate\Pipeline\{closure}(Object(Illuminate\Http\Request))
#38 E:\Softwares\installation\htdocs\projects\upwork\Laravel-Skill Test\vendor\laravel\framework\src\Illuminate\Routing\Pipeline.php(32): call_user_func(Object(Closure), Object(Illuminate\Http\Request))
#39 E:\Softwares\installation\htdocs\projects\upwork\Laravel-Skill Test\bootstrap\cache\compiled.php(13474): Illuminate\Routing\Pipeline->Illuminate\Routing\{closure}(Object(Illuminate\Http\Request))
#40 [internal function]: Illuminate\View\Middleware\ShareErrorsFromSession->handle(Object(Illuminate\Http\Request), Object(Closure))
#41 E:\Softwares\installation\htdocs\projects\upwork\Laravel-Skill Test\bootstrap\cache\compiled.php(9963): call_user_func_array(Array, Array)
#42 [internal function]: Illuminate\Pipeline\Pipeline->Illuminate\Pipeline\{closure}(Object(Illuminate\Http\Request))
#43 E:\Softwares\installation\htdocs\projects\upwork\Laravel-Skill Test\vendor\laravel\framework\src\Illuminate\Routing\Pipeline.php(32): call_user_func(Object(Closure), Object(Illuminate\Http\Request))
#44 E:\Softwares\installation\htdocs\projects\upwork\Laravel-Skill Test\bootstrap\cache\compiled.php(11964): Illuminate\Routing\Pipeline->Illuminate\Routing\{closure}(Object(Illuminate\Http\Request))
#45 [internal function]: Illuminate\Session\Middleware\StartSession->handle(Object(Illuminate\Http\Request), Object(Closure))
#46 E:\Softwares\installation\htdocs\projects\upwork\Laravel-Skill Test\bootstrap\cache\compiled.php(9963): call_user_func_array(Array, Array)
#47 [internal function]: Illuminate\Pipeline\Pipeline->Illuminate\Pipeline\{closure}(Object(Illuminate\Http\Request))
#48 E:\Softwares\installation\htdocs\projects\upwork\Laravel-Skill Test\vendor\laravel\framework\src\Illuminate\Routing\Pipeline.php(32): call_user_func(Object(Closure), Object(Illuminate\Http\Request))
#49 E:\Softwares\installation\htdocs\projects\upwork\Laravel-Skill Test\bootstrap\cache\compiled.php(13213): Illuminate\Routing\Pipeline->Illuminate\Routing\{closure}(Object(Illuminate\Http\Request))
#50 [internal function]: Illuminate\Cookie\Middleware\AddQueuedCookiesToResponse->handle(Object(Illuminate\Http\Request), Object(Closure))
#51 E:\Softwares\installation\htdocs\projects\upwork\Laravel-Skill Test\bootstrap\cache\compiled.php(9963): call_user_func_array(Array, Array)
#52 [internal function]: Illuminate\Pipeline\Pipeline->Illuminate\Pipeline\{closure}(Object(Illuminate\Http\Request))
#53 E:\Softwares\installation\htdocs\projects\upwork\Laravel-Skill Test\vendor\laravel\framework\src\Illuminate\Routing\Pipeline.php(32): call_user_func(Object(Closure), Object(Illuminate\Http\Request))
#54 E:\Softwares\installation\htdocs\projects\upwork\Laravel-Skill Test\bootstrap\cache\compiled.php(13150): Illuminate\Routing\Pipeline->Illuminate\Routing\{closure}(Object(Illuminate\Http\Request))
#55 [internal function]: Illuminate\Cookie\Middleware\EncryptCookies->handle(Object(Illuminate\Http\Request), Object(Closure))
#56 E:\Softwares\installation\htdocs\projects\upwork\Laravel-Skill Test\bootstrap\cache\compiled.php(9963): call_user_func_array(Array, Array)
#57 [internal function]: Illuminate\Pipeline\Pipeline->Illuminate\Pipeline\{closure}(Object(Illuminate\Http\Request))
#58 E:\Softwares\installation\htdocs\projects\upwork\Laravel-Skill Test\vendor\laravel\framework\src\Illuminate\Routing\Pipeline.php(32): call_user_func(Object(Closure), Object(Illuminate\Http\Request))
#59 [internal function]: Illuminate\Routing\Pipeline->Illuminate\Routing\{closure}(Object(Illuminate\Http\Request))
#60 E:\Softwares\installation\htdocs\projects\upwork\Laravel-Skill Test\bootstrap\cache\compiled.php(9948): call_user_func(Object(Closure), Object(Illuminate\Http\Request))
#61 E:\Softwares\installation\htdocs\projects\upwork\Laravel-Skill Test\bootstrap\cache\compiled.php(8226): Illuminate\Pipeline\Pipeline->then(Object(Closure))
#62 E:\Softwares\installation\htdocs\projects\upwork\Laravel-Skill Test\bootstrap\cache\compiled.php(8217): Illuminate\Routing\Router->runRouteWithinStack(Object(Illuminate\Routing\Route), Object(Illuminate\Http\Request))
#63 E:\Softwares\installation\htdocs\projects\upwork\Laravel-Skill Test\bootstrap\cache\compiled.php(8207): Illuminate\Routing\Router->dispatchToRoute(Object(Illuminate\Http\Request))
#64 E:\Softwares\installation\htdocs\projects\upwork\Laravel-Skill Test\bootstrap\cache\compiled.php(2419): Illuminate\Routing\Router->dispatch(Object(Illuminate\Http\Request))
#65 [internal function]: Illuminate\Foundation\Http\Kernel->Illuminate\Foundation\Http\{closure}(Object(Illuminate\Http\Request))
#66 E:\Softwares\installation\htdocs\projects\upwork\Laravel-Skill Test\vendor\laravel\framework\src\Illuminate\Routing\Pipeline.php(52): call_user_func(Object(Closure), Object(Illuminate\Http\Request))
#67 E:\Softwares\installation\htdocs\projects\upwork\Laravel-Skill Test\bootstrap\cache\compiled.php(3286): Illuminate\Routing\Pipeline->Illuminate\Routing\{closure}(Object(Illuminate\Http\Request))
#68 [internal function]: Illuminate\Foundation\Http\Middleware\CheckForMaintenanceMode->handle(Object(Illuminate\Http\Request), Object(Closure))
#69 E:\Softwares\installation\htdocs\projects\upwork\Laravel-Skill Test\bootstrap\cache\compiled.php(9963): call_user_func_array(Array, Array)
#70 [internal function]: Illuminate\Pipeline\Pipeline->Illuminate\Pipeline\{closure}(Object(Illuminate\Http\Request))
#71 E:\Softwares\installation\htdocs\projects\upwork\Laravel-Skill Test\vendor\laravel\framework\src\Illuminate\Routing\Pipeline.php(32): call_user_func(Object(Closure), Object(Illuminate\Http\Request))
#72 [internal function]: Illuminate\Routing\Pipeline->Illuminate\Routing\{closure}(Object(Illuminate\Http\Request))
#73 E:\Softwares\installation\htdocs\projects\upwork\Laravel-Skill Test\bootstrap\cache\compiled.php(9948): call_user_func(Object(Closure), Object(Illuminate\Http\Request))
#74 E:\Softwares\installation\htdocs\projects\upwork\Laravel-Skill Test\bootstrap\cache\compiled.php(2366): Illuminate\Pipeline\Pipeline->then(Object(Closure))
#75 E:\Softwares\installation\htdocs\projects\upwork\Laravel-Skill Test\bootstrap\cache\compiled.php(2350): Illuminate\Foundation\Http\Kernel->sendRequestThroughRouter(Object(Illuminate\Http\Request))
#76 E:\Softwares\installation\htdocs\projects\upwork\Laravel-Skill Test\public\index.php(47): Illuminate\Foundation\Http\Kernel->handle(Object(Illuminate\Http\Request))
#77 {main}

Next exception 'ErrorException' with message 'Undefined property: stdClass::$created (View: E:\Softwares\installation\htdocs\projects\upwork\Laravel-Skill Test\resources\views\products\list.blade.php) (View: E:\Softwares\installation\htdocs\projects\upwork\Laravel-Skill Test\resources\views\products\list.blade.php)' in E:\Softwares\installation\htdocs\projects\upwork\Laravel-Skill Test\storage\framework\views\3dab6af04c30370d31483de6c1145b5dd28fcb89.php:22
Stack trace:
#0 E:\Softwares\installation\htdocs\projects\upwork\Laravel-Skill Test\bootstrap\cache\compiled.php(15319): Illuminate\View\Engines\CompilerEngine->handleViewException(Object(ErrorException), 3)
#1 E:\Softwares\installation\htdocs\projects\upwork\Laravel-Skill Test\bootstrap\cache\compiled.php(15354): Illuminate\View\Engines\PhpEngine->evaluatePath('E:\\Softwares\\in...', Array)
#2 E:\Softwares\installation\htdocs\projects\upwork\Laravel-Skill Test\bootstrap\cache\compiled.php(15186): Illuminate\View\Engines\CompilerEngine->get('E:\\Softwares\\in...', Array)
#3 E:\Softwares\installation\htdocs\projects\upwork\Laravel-Skill Test\bootstrap\cache\compiled.php(15174): Illuminate\View\View->getContents()
#4 E:\Softwares\installation\htdocs\projects\upwork\Laravel-Skill Test\bootstrap\cache\compiled.php(15158): Illuminate\View\View->renderContents()
#5 E:\Softwares\installation\htdocs\projects\upwork\Laravel-Skill Test\storage\framework\views\982b9c442c7d6532624ff2014ab01aed5c1128f8.php(7): Illuminate\View\View->render()
#6 E:\Softwares\installation\htdocs\projects\upwork\Laravel-Skill Test\bootstrap\cache\compiled.php(15317): include('E:\\Softwares\\in...')
#7 E:\Softwares\installation\htdocs\projects\upwork\Laravel-Skill Test\bootstrap\cache\compiled.php(15354): Illuminate\View\Engines\PhpEngine->evaluatePath('E:\\Softwares\\in...', Array)
#8 E:\Softwares\installation\htdocs\projects\upwork\Laravel-Skill Test\bootstrap\cache\compiled.php(15186): Illuminate\View\Engines\CompilerEngine->get('E:\\Softwares\\in...', Array)
#9 E:\Softwares\installation\htdocs\projects\upwork\Laravel-Skill Test\bootstrap\cache\compiled.php(15174): Illuminate\View\View->getContents()
#10 E:\Softwares\installation\htdocs\projects\upwork\Laravel-Skill Test\bootstrap\cache\compiled.php(15158): Illuminate\View\View->renderContents()
#11 E:\Softwares\installation\htdocs\projects\upwork\Laravel-Skill Test\app\Http\Controllers\ProductsController.php(135): Illuminate\View\View->render()
#12 E:\Softwares\installation\htdocs\projects\upwork\Laravel-Skill Test\app\Http\Controllers\ProductsController.php(18): App\Http\Controllers\ProductsController->createViewWith(Object(App\Product), 'http://localhos...', 'POST')
#13 [internal function]: App\Http\Controllers\ProductsController->create()
#14 E:\Softwares\installation\htdocs\projects\upwork\Laravel-Skill Test\bootstrap\cache\compiled.php(9424): call_user_func_array(Array, Array)
#15 E:\Softwares\installation\htdocs\projects\upwork\Laravel-Skill Test\bootstrap\cache\compiled.php(9486): Illuminate\Routing\Controller->callAction('create', Array)
#16 E:\Softwares\installation\htdocs\projects\upwork\Laravel-Skill Test\bootstrap\cache\compiled.php(9466): Illuminate\Routing\ControllerDispatcher->call(Object(App\Http\Controllers\ProductsController), Object(Illuminate\Routing\Route), 'create')
#17 [internal function]: Illuminate\Routing\ControllerDispatcher->Illuminate\Routing\{closure}(Object(Illuminate\Http\Request))
#18 E:\Softwares\installation\htdocs\projects\upwork\Laravel-Skill Test\vendor\laravel\framework\src\Illuminate\Routing\Pipeline.php(52): call_user_func(Object(Closure), Object(Illuminate\Http\Request))
#19 [internal function]: Illuminate\Routing\Pipeline->Illuminate\Routing\{closure}(Object(Illuminate\Http\Request))
#20 E:\Softwares\installation\htdocs\projects\upwork\Laravel-Skill Test\bootstrap\cache\compiled.php(9948): call_user_func(Object(Closure), Object(Illuminate\Http\Request))
#21 E:\Softwares\installation\htdocs\projects\upwork\Laravel-Skill Test\bootstrap\cache\compiled.php(9467): Illuminate\Pipeline\Pipeline->then(Object(Closure))
#22 E:\Softwares\installation\htdocs\projects\upwork\Laravel-Skill Test\bootstrap\cache\compiled.php(9454): Illuminate\Routing\ControllerDispatcher->callWithinStack(Object(App\Http\Controllers\ProductsController), Object(Illuminate\Routing\Route), Object(Illuminate\Http\Request), 'create')
#23 E:\Softwares\installation\htdocs\projects\upwork\Laravel-Skill Test\bootstrap\cache\compiled.php(8524): Illuminate\Routing\ControllerDispatcher->dispatch(Object(Illuminate\Routing\Route), Object(Illuminate\Http\Request), 'App\\Http\\Contro...', 'create')
#24 E:\Softwares\installation\htdocs\projects\upwork\Laravel-Skill Test\bootstrap\cache\compiled.php(8511): Illuminate\Routing\Route->runController(Object(Illuminate\Http\Request))
#25 E:\Softwares\installation\htdocs\projects\upwork\Laravel-Skill Test\bootstrap\cache\compiled.php(8225): Illuminate\Routing\Route->run(Object(Illuminate\Http\Request))
#26 [internal function]: Illuminate\Routing\Router->Illuminate\Routing\{closure}(Object(Illuminate\Http\Request))
#27 E:\Softwares\installation\htdocs\projects\upwork\Laravel-Skill Test\vendor\laravel\framework\src\Illuminate\Routing\Pipeline.php(52): call_user_func(Object(Closure), Object(Illuminate\Http\Request))
#28 E:\Softwares\installation\htdocs\projects\upwork\Laravel-Skill Test\bootstrap\cache\compiled.php(3225): Illuminate\Routing\Pipeline->Illuminate\Routing\{closure}(Object(Illuminate\Http\Request))
#29 [internal function]: Illuminate\Foundation\Http\Middleware\VerifyCsrfToken->handle(Object(Illuminate\Http\Request), Object(Closure))
#30 E:\Softwares\installation\htdocs\projects\upwork\Laravel-Skill Test\bootstrap\cache\compiled.php(9963): call_user_func_array(Array, Array)
#31 [internal function]: Illuminate\Pipeline\Pipeline->Illuminate\Pipeline\{closure}(Object(Illuminate\Http\Request))
#32 E:\Softwares\installation\htdocs\projects\upwork\Laravel-Skill Test\vendor\laravel\framework\src\Illuminate\Routing\Pipeline.php(32): call_user_func(Object(Closure), Object(Illuminate\Http\Request))
#33 E:\Softwares\installation\htdocs\projects\upwork\Laravel-Skill Test\bootstrap\cache\compiled.php(13474): Illuminate\Routing\Pipeline->Illuminate\Routing\{closure}(Object(Illuminate\Http\Request))
#34 [internal function]: Illuminate\View\Middleware\ShareErrorsFromSession->handle(Object(Illuminate\Http\Request), Object(Closure))
#35 E:\Softwares\installation\htdocs\projects\upwork\Laravel-Skill Test\bootstrap\cache\compiled.php(9963): call_user_func_array(Array, Array)
#36 [internal function]: Illuminate\Pipeline\Pipeline->Illuminate\Pipeline\{closure}(Object(Illuminate\Http\Request))
#37 E:\Softwares\installation\htdocs\projects\upwork\Laravel-Skill Test\vendor\laravel\framework\src\Illuminate\Routing\Pipeline.php(32): call_user_func(Object(Closure), Object(Illuminate\Http\Request))
#38 E:\Softwares\installation\htdocs\projects\upwork\Laravel-Skill Test\bootstrap\cache\compiled.php(11964): Illuminate\Routing\Pipeline->Illuminate\Routing\{closure}(Object(Illuminate\Http\Request))
#39 [internal function]: Illuminate\Session\Middleware\StartSession->handle(Object(Illuminate\Http\Request), Object(Closure))
#40 E:\Softwares\installation\htdocs\projects\upwork\Laravel-Skill Test\bootstrap\cache\compiled.php(9963): call_user_func_array(Array, Array)
#41 [internal function]: Illuminate\Pipeline\Pipeline->Illuminate\Pipeline\{closure}(Object(Illuminate\Http\Request))
#42 E:\Softwares\installation\htdocs\projects\upwork\Laravel-Skill Test\vendor\laravel\framework\src\Illuminate\Routing\Pipeline.php(32): call_user_func(Object(Closure), Object(Illuminate\Http\Request))
#43 E:\Softwares\installation\htdocs\projects\upwork\Laravel-Skill Test\bootstrap\cache\compiled.php(13213): Illuminate\Routing\Pipeline->Illuminate\Routing\{closure}(Object(Illuminate\Http\Request))
#44 [internal function]: Illuminate\Cookie\Middleware\AddQueuedCookiesToResponse->handle(Object(Illuminate\Http\Request), Object(Closure))
#45 E:\Softwares\installation\htdocs\projects\upwork\Laravel-Skill Test\bootstrap\cache\compiled.php(9963): call_user_func_array(Array, Array)
#46 [internal function]: Illuminate\Pipeline\Pipeline->Illuminate\Pipeline\{closure}(Object(Illuminate\Http\Request))
#47 E:\Softwares\installation\htdocs\projects\upwork\Laravel-Skill Test\vendor\laravel\framework\src\Illuminate\Routing\Pipeline.php(32): call_user_func(Object(Closure), Object(Illuminate\Http\Request))
#48 E:\Softwares\installation\htdocs\projects\upwork\Laravel-Skill Test\bootstrap\cache\compiled.php(13150): Illuminate\Routing\Pipeline->Illuminate\Routing\{closure}(Object(Illuminate\Http\Request))
#49 [internal function]: Illuminate\Cookie\Middleware\EncryptCookies->handle(Object(Illuminate\Http\Request), Object(Closure))
#50 E:\Softwares\installation\htdocs\projects\upwork\Laravel-Skill Test\bootstrap\cache\compiled.php(9963): call_user_func_array(Array, Array)
#51 [internal function]: Illuminate\Pipeline\Pipeline->Illuminate\Pipeline\{closure}(Object(Illuminate\Http\Request))
#52 E:\Softwares\installation\htdocs\projects\upwork\Laravel-Skill Test\vendor\laravel\framework\src\Illuminate\Routing\Pipeline.php(32): call_user_func(Object(Closure), Object(Illuminate\Http\Request))
#53 [internal function]: Illuminate\Routing\Pipeline->Illuminate\Routing\{closure}(Object(Illuminate\Http\Request))
#54 E:\Softwares\installation\htdocs\projects\upwork\Laravel-Skill Test\bootstrap\cache\compiled.php(9948): call_user_func(Object(Closure), Object(Illuminate\Http\Request))
#55 E:\Softwares\installation\htdocs\projects\upwork\Laravel-Skill Test\bootstrap\cache\compiled.php(8226): Illuminate\Pipeline\Pipeline->then(Object(Closure))
#56 E:\Softwares\installation\htdocs\projects\upwork\Laravel-Skill Test\bootstrap\cache\compiled.php(8217): Illuminate\Routing\Router->runRouteWithinStack(Object(Illuminate\Routing\Route), Object(Illuminate\Http\Request))
#57 E:\Softwares\installation\htdocs\projects\upwork\Laravel-Skill Test\bootstrap\cache\compiled.php(8207): Illuminate\Routing\Router->dispatchToRoute(Object(Illuminate\Http\Request))
#58 E:\Softwares\installation\htdocs\projects\upwork\Laravel-Skill Test\bootstrap\cache\compiled.php(2419): Illuminate\Routing\Router->dispatch(Object(Illuminate\Http\Request))
#59 [internal function]: Illuminate\Foundation\Http\Kernel->Illuminate\Foundation\Http\{closure}(Object(Illuminate\Http\Request))
#60 E:\Softwares\installation\htdocs\projects\upwork\Laravel-Skill Test\vendor\laravel\framework\src\Illuminate\Routing\Pipeline.php(52): call_user_func(Object(Closure), Object(Illuminate\Http\Request))
#61 E:\Softwares\installation\htdocs\projects\upwork\Laravel-Skill Test\bootstrap\cache\compiled.php(3286): Illuminate\Routing\Pipeline->Illuminate\Routing\{closure}(Object(Illuminate\Http\Request))
#62 [internal function]: Illuminate\Foundation\Http\Middleware\CheckForMaintenanceMode->handle(Object(Illuminate\Http\Request), Object(Closure))
#63 E:\Softwares\installation\htdocs\projects\upwork\Laravel-Skill Test\bootstrap\cache\compiled.php(9963): call_user_func_array(Array, Array)
#64 [internal function]: Illuminate\Pipeline\Pipeline->Illuminate\Pipeline\{closure}(Object(Illuminate\Http\Request))
#65 E:\Softwares\installation\htdocs\projects\upwork\Laravel-Skill Test\vendor\laravel\framework\src\Illuminate\Routing\Pipeline.php(32): call_user_func(Object(Closure), Object(Illuminate\Http\Request))
#66 [internal function]: Illuminate\Routing\Pipeline->Illuminate\Routing\{closure}(Object(Illuminate\Http\Request))
#67 E:\Softwares\installation\htdocs\projects\upwork\Laravel-Skill Test\bootstrap\cache\compiled.php(9948): call_user_func(Object(Closure), Object(Illuminate\Http\Request))
#68 E:\Softwares\installation\htdocs\projects\upwork\Laravel-Skill Test\bootstrap\cache\compiled.php(2366): Illuminate\Pipeline\Pipeline->then(Object(Closure))
#69 E:\Softwares\installation\htdocs\projects\upwork\Laravel-Skill Test\bootstrap\cache\compiled.php(2350): Illuminate\Foundation\Http\Kernel->sendRequestThroughRouter(Object(Illuminate\Http\Request))
#70 E:\Softwares\installation\htdocs\projects\upwork\Laravel-Skill Test\public\index.php(47): Illuminate\Foundation\Http\Kernel->handle(Object(Illuminate\Http\Request))
#71 {main}

Next exception 'ErrorException' with message 'Undefined property: stdClass::$created (View: E:\Softwares\installation\htdocs\projects\upwork\Laravel-Skill Test\resources\views\products\list.blade.php) (View: E:\Softwares\installation\htdocs\projects\upwork\Laravel-Skill Test\resources\views\products\list.blade.php) (View: E:\Softwares\installation\htdocs\projects\upwork\Laravel-Skill Test\resources\views\products\list.blade.php)' in E:\Softwares\installation\htdocs\projects\upwork\Laravel-Skill Test\storage\framework\views\3dab6af04c30370d31483de6c1145b5dd28fcb89.php:22
Stack trace:
#0 E:\Softwares\installation\htdocs\projects\upwork\Laravel-Skill Test\bootstrap\cache\compiled.php(15319): Illuminate\View\Engines\CompilerEngine->handleViewException(Object(ErrorException), 1)
#1 E:\Softwares\installation\htdocs\projects\upwork\Laravel-Skill Test\bootstrap\cache\compiled.php(15354): Illuminate\View\Engines\PhpEngine->evaluatePath('E:\\Softwares\\in...', Array)
#2 E:\Softwares\installation\htdocs\projects\upwork\Laravel-Skill Test\bootstrap\cache\compiled.php(15186): Illuminate\View\Engines\CompilerEngine->get('E:\\Softwares\\in...', Array)
#3 E:\Softwares\installation\htdocs\projects\upwork\Laravel-Skill Test\bootstrap\cache\compiled.php(15174): Illuminate\View\View->getContents()
#4 E:\Softwares\installation\htdocs\projects\upwork\Laravel-Skill Test\bootstrap\cache\compiled.php(15158): Illuminate\View\View->renderContents()
#5 E:\Softwares\installation\htdocs\projects\upwork\Laravel-Skill Test\app\Http\Controllers\ProductsController.php(135): Illuminate\View\View->render()
#6 E:\Softwares\installation\htdocs\projects\upwork\Laravel-Skill Test\app\Http\Controllers\ProductsController.php(18): App\Http\Controllers\ProductsController->createViewWith(Object(App\Product), 'http://localhos...', 'POST')
#7 [internal function]: App\Http\Controllers\ProductsController->create()
#8 E:\Softwares\installation\htdocs\projects\upwork\Laravel-Skill Test\bootstrap\cache\compiled.php(9424): call_user_func_array(Array, Array)
#9 E:\Softwares\installation\htdocs\projects\upwork\Laravel-Skill Test\bootstrap\cache\compiled.php(9486): Illuminate\Routing\Controller->callAction('create', Array)
#10 E:\Softwares\installation\htdocs\projects\upwork\Laravel-Skill Test\bootstrap\cache\compiled.php(9466): Illuminate\Routing\ControllerDispatcher->call(Object(App\Http\Controllers\ProductsController), Object(Illuminate\Routing\Route), 'create')
#11 [internal function]: Illuminate\Routing\ControllerDispatcher->Illuminate\Routing\{closure}(Object(Illuminate\Http\Request))
#12 E:\Softwares\installation\htdocs\projects\upwork\Laravel-Skill Test\vendor\laravel\framework\src\Illuminate\Routing\Pipeline.php(52): call_user_func(Object(Closure), Object(Illuminate\Http\Request))
#13 [internal function]: Illuminate\Routing\Pipeline->Illuminate\Routing\{closure}(Object(Illuminate\Http\Request))
#14 E:\Softwares\installation\htdocs\projects\upwork\Laravel-Skill Test\bootstrap\cache\compiled.php(9948): call_user_func(Object(Closure), Object(Illuminate\Http\Request))
#15 E:\Softwares\installation\htdocs\projects\upwork\Laravel-Skill Test\bootstrap\cache\compiled.php(9467): Illuminate\Pipeline\Pipeline->then(Object(Closure))
#16 E:\Softwares\installation\htdocs\projects\upwork\Laravel-Skill Test\bootstrap\cache\compiled.php(9454): Illuminate\Routing\ControllerDispatcher->callWithinStack(Object(App\Http\Controllers\ProductsController), Object(Illuminate\Routing\Route), Object(Illuminate\Http\Request), 'create')
#17 E:\Softwares\installation\htdocs\projects\upwork\Laravel-Skill Test\bootstrap\cache\compiled.php(8524): Illuminate\Routing\ControllerDispatcher->dispatch(Object(Illuminate\Routing\Route), Object(Illuminate\Http\Request), 'App\\Http\\Contro...', 'create')
#18 E:\Softwares\installation\htdocs\projects\upwork\Laravel-Skill Test\bootstrap\cache\compiled.php(8511): Illuminate\Routing\Route->runController(Object(Illuminate\Http\Request))
#19 E:\Softwares\installation\htdocs\projects\upwork\Laravel-Skill Test\bootstrap\cache\compiled.php(8225): Illuminate\Routing\Route->run(Object(Illuminate\Http\Request))
#20 [internal function]: Illuminate\Routing\Router->Illuminate\Routing\{closure}(Object(Illuminate\Http\Request))
#21 E:\Softwares\installation\htdocs\projects\upwork\Laravel-Skill Test\vendor\laravel\framework\src\Illuminate\Routing\Pipeline.php(52): call_user_func(Object(Closure), Object(Illuminate\Http\Request))
#22 E:\Softwares\installation\htdocs\projects\upwork\Laravel-Skill Test\bootstrap\cache\compiled.php(3225): Illuminate\Routing\Pipeline->Illuminate\Routing\{closure}(Object(Illuminate\Http\Request))
#23 [internal function]: Illuminate\Foundation\Http\Middleware\VerifyCsrfToken->handle(Object(Illuminate\Http\Request), Object(Closure))
#24 E:\Softwares\installation\htdocs\projects\upwork\Laravel-Skill Test\bootstrap\cache\compiled.php(9963): call_user_func_array(Array, Array)
#25 [internal function]: Illuminate\Pipeline\Pipeline->Illuminate\Pipeline\{closure}(Object(Illuminate\Http\Request))
#26 E:\Softwares\installation\htdocs\projects\upwork\Laravel-Skill Test\vendor\laravel\framework\src\Illuminate\Routing\Pipeline.php(32): call_user_func(Object(Closure), Object(Illuminate\Http\Request))
#27 E:\Softwares\installation\htdocs\projects\upwork\Laravel-Skill Test\bootstrap\cache\compiled.php(13474): Illuminate\Routing\Pipeline->Illuminate\Routing\{closure}(Object(Illuminate\Http\Request))
#28 [internal function]: Illuminate\View\Middleware\ShareErrorsFromSession->handle(Object(Illuminate\Http\Request), Object(Closure))
#29 E:\Softwares\installation\htdocs\projects\upwork\Laravel-Skill Test\bootstrap\cache\compiled.php(9963): call_user_func_array(Array, Array)
#30 [internal function]: Illuminate\Pipeline\Pipeline->Illuminate\Pipeline\{closure}(Object(Illuminate\Http\Request))
#31 E:\Softwares\installation\htdocs\projects\upwork\Laravel-Skill Test\vendor\laravel\framework\src\Illuminate\Routing\Pipeline.php(32): call_user_func(Object(Closure), Object(Illuminate\Http\Request))
#32 E:\Softwares\installation\htdocs\projects\upwork\Laravel-Skill Test\bootstrap\cache\compiled.php(11964): Illuminate\Routing\Pipeline->Illuminate\Routing\{closure}(Object(Illuminate\Http\Request))
#33 [internal function]: Illuminate\Session\Middleware\StartSession->handle(Object(Illuminate\Http\Request), Object(Closure))
#34 E:\Softwares\installation\htdocs\projects\upwork\Laravel-Skill Test\bootstrap\cache\compiled.php(9963): call_user_func_array(Array, Array)
#35 [internal function]: Illuminate\Pipeline\Pipeline->Illuminate\Pipeline\{closure}(Object(Illuminate\Http\Request))
#36 E:\Softwares\installation\htdocs\projects\upwork\Laravel-Skill Test\vendor\laravel\framework\src\Illuminate\Routing\Pipeline.php(32): call_user_func(Object(Closure), Object(Illuminate\Http\Request))
#37 E:\Softwares\installation\htdocs\projects\upwork\Laravel-Skill Test\bootstrap\cache\compiled.php(13213): Illuminate\Routing\Pipeline->Illuminate\Routing\{closure}(Object(Illuminate\Http\Request))
#38 [internal function]: Illuminate\Cookie\Middleware\AddQueuedCookiesToResponse->handle(Object(Illuminate\Http\Request), Object(Closure))
#39 E:\Softwares\installation\htdocs\projects\upwork\Laravel-Skill Test\bootstrap\cache\compiled.php(9963): call_user_func_array(Array, Array)
#40 [internal function]: Illuminate\Pipeline\Pipeline->Illuminate\Pipeline\{closure}(Object(Illuminate\Http\Request))
#41 E:\Softwares\installation\htdocs\projects\upwork\Laravel-Skill Test\vendor\laravel\framework\src\Illuminate\Routing\Pipeline.php(32): call_user_func(Object(Closure), Object(Illuminate\Http\Request))
#42 E:\Softwares\installation\htdocs\projects\upwork\Laravel-Skill Test\bootstrap\cache\compiled.php(13150): Illuminate\Routing\Pipeline->Illuminate\Routing\{closure}(Object(Illuminate\Http\Request))
#43 [internal function]: Illuminate\Cookie\Middleware\EncryptCookies->handle(Object(Illuminate\Http\Request), Object(Closure))
#44 E:\Softwares\installation\htdocs\projects\upwork\Laravel-Skill Test\bootstrap\cache\compiled.php(9963): call_user_func_array(Array, Array)
#45 [internal function]: Illuminate\Pipeline\Pipeline->Illuminate\Pipeline\{closure}(Object(Illuminate\Http\Request))
#46 E:\Softwares\installation\htdocs\projects\upwork\Laravel-Skill Test\vendor\laravel\framework\src\Illuminate\Routing\Pipeline.php(32): call_user_func(Object(Closure), Object(Illuminate\Http\Request))
#47 [internal function]: Illuminate\Routing\Pipeline->Illuminate\Routing\{closure}(Object(Illuminate\Http\Request))
#48 E:\Softwares\installation\htdocs\projects\upwork\Laravel-Skill Test\bootstrap\cache\compiled.php(9948): call_user_func(Object(Closure), Object(Illuminate\Http\Request))
#49 E:\Softwares\installation\htdocs\projects\upwork\Laravel-Skill Test\bootstrap\cache\compiled.php(8226): Illuminate\Pipeline\Pipeline->then(Object(Closure))
#50 E:\Softwares\installation\htdocs\projects\upwork\Laravel-Skill Test\bootstrap\cache\compiled.php(8217): Illuminate\Routing\Router->runRouteWithinStack(Object(Illuminate\Routing\Route), Object(Illuminate\Http\Request))
#51 E:\Softwares\installation\htdocs\projects\upwork\Laravel-Skill Test\bootstrap\cache\compiled.php(8207): Illuminate\Routing\Router->dispatchToRoute(Object(Illuminate\Http\Request))
#52 E:\Softwares\installation\htdocs\projects\upwork\Laravel-Skill Test\bootstrap\cache\compiled.php(2419): Illuminate\Routing\Router->dispatch(Object(Illuminate\Http\Request))
#53 [internal function]: Illuminate\Foundation\Http\Kernel->Illuminate\Foundation\Http\{closure}(Object(Illuminate\Http\Request))
#54 E:\Softwares\installation\htdocs\projects\upwork\Laravel-Skill Test\vendor\laravel\framework\src\Illuminate\Routing\Pipeline.php(52): call_user_func(Object(Closure), Object(Illuminate\Http\Request))
#55 E:\Softwares\installation\htdocs\projects\upwork\Laravel-Skill Test\bootstrap\cache\compiled.php(3286): Illuminate\Routing\Pipeline->Illuminate\Routing\{closure}(Object(Illuminate\Http\Request))
#56 [internal function]: Illuminate\Foundation\Http\Middleware\CheckForMaintenanceMode->handle(Object(Illuminate\Http\Request), Object(Closure))
#57 E:\Softwares\installation\htdocs\projects\upwork\Laravel-Skill Test\bootstrap\cache\compiled.php(9963): call_user_func_array(Array, Array)
#58 [internal function]: Illuminate\Pipeline\Pipeline->Illuminate\Pipeline\{closure}(Object(Illuminate\Http\Request))
#59 E:\Softwares\installation\htdocs\projects\upwork\Laravel-Skill Test\vendor\laravel\framework\src\Illuminate\Routing\Pipeline.php(32): call_user_func(Object(Closure), Object(Illuminate\Http\Request))
#60 [internal function]: Illuminate\Routing\Pipeline->Illuminate\Routing\{closure}(Object(Illuminate\Http\Request))
#61 E:\Softwares\installation\htdocs\projects\upwork\Laravel-Skill Test\bootstrap\cache\compiled.php(9948): call_user_func(Object(Closure), Object(Illuminate\Http\Request))
#62 E:\Softwares\installation\htdocs\projects\upwork\Laravel-Skill Test\bootstrap\cache\compiled.php(2366): Illuminate\Pipeline\Pipeline->then(Object(Closure))
#63 E:\Softwares\installation\htdocs\projects\upwork\Laravel-Skill Test\bootstrap\cache\compiled.php(2350): Illuminate\Foundation\Http\Kernel->sendRequestThroughRouter(Object(Illuminate\Http\Request))
#64 E:\Softwares\installation\htdocs\projects\upwork\Laravel-Skill Test\public\index.php(47): Illuminate\Foundation\Http\Kernel->handle(Object(Illuminate\Http\Request))
#65 {main}  
